<?xml version="1.0" encoding="UTF-8"?>
<!-- Generated by org.testng.reporters.JUnitXMLReporter -->
<testsuite ignored="0" hostname="CPLBNGLPT103" failures="0" tests="3" name="Default test" time="0.12" errors="0" timestamp="2026-01-14T10:25:18 IST">
  <testcase classname="testNG.DependenciesManagement" name="SSC" time="0.026"/>
  <testcase classname="testNG.DependenciesManagement" name="Intermediate" time="0.002"/>
  <testcase classname="testNG.DependenciesManagement" name="Btech" time="0.002"/>
</testsuite> <!-- Default test -->
