<?xml version="1.0" encoding="UTF-8"?>
<!-- Generated by org.testng.reporters.JUnitXMLReporter -->
<testsuite ignored="0" hostname="CPLBNGLPT103" failures="0" tests="8" name="Default test" time="0.088" errors="0" timestamp="2025-12-24T15:28:52 IST">
  <testcase classname="testNG.Grouping_Example" name="Apple1" time="0.01"/>
  <testcase classname="testNG.Grouping_Example" name="Apple2" time="0.002"/>
  <testcase classname="testNG.Grouping_Example" name="Lenovo1" time="0.001"/>
  <testcase classname="testNG.Grouping_Example" name="Lenovo2" time="0.002"/>
  <testcase classname="testNG.Grouping_Example" name="Moto1" time="0.002"/>
  <testcase classname="testNG.Grouping_Example" name="Moto2" time="0.002"/>
  <testcase classname="testNG.Grouping_Example" name="Vivo1" time="0.001"/>
  <testcase classname="testNG.Grouping_Example" name="Vivo2" time="0.002"/>
</testsuite> <!-- Default test -->
