<?xml version="1.0" encoding="UTF-8"?>
<testng-results ignored="0" total="1" passed="1" failed="0" skipped="0">
  <reporter-output>
  </reporter-output>
  <suite started-at="2025-12-30T15:03:02 IST" name="Default suite" finished-at="2025-12-30T15:03:02 IST" duration-ms="56">
    <groups>
    </groups>
    <test started-at="2025-12-30T15:03:02 IST" name="Default test" finished-at="2025-12-30T15:03:02 IST" duration-ms="56">
      <class name="testNG.AssertionsExample">
        <test-method signature="CheckName()[pri:0, instance:testNG.AssertionsExample@3270d194]" started-at="2025-12-30T15:03:02 IST" name="CheckName" finished-at="2025-12-30T15:03:02 IST" duration-ms="12" status="PASS">
          <reporter-output>
          </reporter-output>
        </test-method> <!-- CheckName -->
      </class> <!-- testNG.AssertionsExample -->
    </test> <!-- Default test -->
  </suite> <!-- Default suite -->
</testng-results>
