<?xml version="1.0" encoding="UTF-8"?>
<testng-results ignored="0" total="2" passed="2" failed="0" skipped="0">
  <reporter-output>
  </reporter-output>
  <suite started-at="2025-12-29T17:29:41 IST" name="testsuite" finished-at="2025-12-29T17:29:45 IST" duration-ms="3979">
    <groups>
    </groups>
    <test started-at="2025-12-29T17:29:41 IST" name="testcases" finished-at="2025-12-29T17:29:45 IST" duration-ms="3979">
      <class name="testNG.ParalleTesting">
        <test-method signature="OpenChrome()[pri:0, instance:testNG.ParalleTesting@7cc0cdad]" started-at="2025-12-29T17:29:41 IST" name="OpenChrome" finished-at="2025-12-29T17:29:44 IST" duration-ms="3649" status="PASS">
          <reporter-output>
          </reporter-output>
        </test-method> <!-- OpenChrome -->
        <test-method signature="OpenTestleaf()[pri:0, instance:testNG.ParalleTesting@7cc0cdad]" started-at="2025-12-29T17:29:41 IST" name="OpenTestleaf" finished-at="2025-12-29T17:29:45 IST" duration-ms="3932" status="PASS">
          <reporter-output>
          </reporter-output>
        </test-method> <!-- OpenTestleaf -->
      </class> <!-- testNG.ParalleTesting -->
    </test> <!-- testcases -->
  </suite> <!-- testsuite -->
</testng-results>
