<?xml version="1.0" encoding="UTF-8"?>
<!-- Generated by org.testng.reporters.JUnitReportReporter -->
<testsuite hostname="CPLBNGLPT103" failures="0" tests="8" name="testNG.Grouping_Example" time="0.019" errors="0" timestamp="2026-01-09T11:50:10 IST" skipped="0">
  <testcase classname="testNG.Grouping_Example" name="Lenovo1" time="0.001"/>
  <testcase classname="testNG.Grouping_Example" name="Vivo2" time="0.002"/>
  <testcase classname="testNG.Grouping_Example" name="Apple2" time="0.002"/>
  <testcase classname="testNG.Grouping_Example" name="Moto1" time="0.001"/>
  <testcase classname="testNG.Grouping_Example" name="Moto2" time="0.001"/>
  <testcase classname="testNG.Grouping_Example" name="Lenovo2" time="0.002"/>
  <testcase classname="testNG.Grouping_Example" name="Vivo1" time="0.001"/>
  <testcase classname="testNG.Grouping_Example" name="Apple1" time="0.009"/>
</testsuite> <!-- testNG.Grouping_Example -->
