<?xml version="1.0" encoding="UTF-8"?>
<!-- Generated by org.testng.reporters.JUnitReportReporter -->
<testsuite hostname="CPLBNGLPT103" failures="0" tests="3" name="testNG.SuiteExample" time="6.914" errors="0" timestamp="2025-12-22T17:18:18 IST" skipped="0">
  <testcase classname="testNG.SuiteExample" name="OpenGoogle" time="1.371"/>
  <testcase classname="testNG.SuiteExample" name="OpentestLeaf" time="3.647"/>
  <testcase classname="testNG.SuiteExample" name="OpenBing" time="1.896"/>
</testsuite> <!-- testNG.SuiteExample -->
