<?xml version="1.0" encoding="UTF-8"?>
<!-- Generated by org.testng.reporters.JUnitReportReporter -->
<testsuite hostname="CPLBNGLPT79" failures="0" tests="3" name="testNG.Dependancies_Management" time="0.011" errors="0" timestamp="2025-12-18T17:07:50 IST" skipped="0">
  <testcase classname="testNG.Dependancies_Management" name="SSC" time="0.009"/>
  <testcase classname="testNG.Dependancies_Management" name="Btech" time="0.001"/>
  <testcase classname="testNG.Dependancies_Management" name="Intermediate" time="0.001"/>
</testsuite> <!-- testNG.Dependancies_Management -->
