<?xml version="1.0" encoding="UTF-8"?>
<!-- Generated by org.testng.reporters.JUnitReportReporter -->
<testsuite hostname="CPLBNGLPT103" failures="0" tests="5" name="testNG.Drive_A_Car" time="0.015" errors="0" timestamp="2025-12-24T10:22:26 IST" skipped="0">
  <testcase classname="testNG.Drive_A_Car" name="StarttheCar" time="0.003"/>
  <testcase classname="testNG.Drive_A_Car" name="firstGear" time="0.003"/>
  <testcase classname="testNG.Drive_A_Car" name="SecondGear" time="0.003"/>
  <testcase classname="testNG.Drive_A_Car" name="ThirdGear" time="0.004"/>
  <testcase classname="testNG.Drive_A_Car" name="FourthGear" time="0.002"/>
</testsuite> <!-- testNG.Drive_A_Car -->
