<?xml version="1.0" encoding="UTF-8"?>
<!-- Generated by org.testng.reporters.JUnitReportReporter -->
<testsuite hostname="CPLBNGLPT103" failures="0" tests="3" name="testNG.DependenciesManagement" time="0.021" errors="0" timestamp="2025-12-24T10:22:26 IST" skipped="0">
  <testcase classname="testNG.DependenciesManagement" name="SSC" time="0.014"/>
  <testcase classname="testNG.DependenciesManagement" name="Btech" time="0.004"/>
  <testcase classname="testNG.DependenciesManagement" name="Intermediate" time="0.003"/>
</testsuite> <!-- testNG.DependenciesManagement -->
