<?xml version="1.0" encoding="UTF-8"?>
<!-- Generated by org.testng.reporters.JUnitReportReporter -->
<testsuite hostname="CPLBNGLPT103" failures="0" tests="4" name="testNG.Grouping_Example" time="0.017" errors="0" timestamp="2025-12-29T14:54:16 IST" skipped="0">
  <testcase classname="testNG.Grouping_Example" name="Vivo2" time="0.001"/>
  <testcase classname="testNG.Grouping_Example" name="Moto2" time="0.002"/>
  <testcase classname="testNG.Grouping_Example" name="Vivo1" time="0.001"/>
  <testcase classname="testNG.Grouping_Example" name="Moto1" time="0.013"/>
</testsuite> <!-- testNG.Grouping_Example -->
