<?xml version="1.0" encoding="UTF-8"?>
<!-- Generated by org.testng.reporters.JUnitReportReporter -->
<testsuite hostname="CPLBNGLPT103" failures="0" tests="3" name="testNG.SuiteExample" time="11.925" errors="0" timestamp="2025-12-24T10:22:26 IST" skipped="0">
  <testcase classname="testNG.SuiteExample" name="OpentestLeaf" time="7.032"/>
  <testcase classname="testNG.SuiteExample" name="OpenBing" time="2.178"/>
  <testcase classname="testNG.SuiteExample" name="OpenGoogle" time="2.715"/>
</testsuite> <!-- testNG.SuiteExample -->
