<?xml version="1.0" encoding="UTF-8"?>
<!-- Generated by org.testng.reporters.JUnitReportReporter -->
<testsuite hostname="CPLBNGLPT103" failures="0" tests="3" name="testNG.DependenciesManagement" time="0.030" errors="0" timestamp="2026-01-14T10:25:18 IST" skipped="0">
  <testcase classname="testNG.DependenciesManagement" name="SSC" time="0.026"/>
  <testcase classname="testNG.DependenciesManagement" name="Btech" time="0.002"/>
  <testcase classname="testNG.DependenciesManagement" name="Intermediate" time="0.002"/>
</testsuite> <!-- testNG.DependenciesManagement -->
