<?xml version="1.0" encoding="UTF-8"?>
<!-- Generated by org.testng.reporters.JUnitReportReporter -->
<testsuite hostname="CPLBNGLPT103" failures="0" tests="6" name="testNG.SkipATestCase" time="0.012" errors="0" timestamp="2025-12-24T10:22:26 IST" skipped="1">
  <testcase classname="testNG.SkipATestCase" name="StartACar" time="0.002"/>
  <testcase classname="testNG.SkipATestCase" name="FirstGear" time="0.002"/>
  <testcase classname="testNG.SkipATestCase" name="SecondGear" time="0.003"/>
  <testcase classname="testNG.SkipATestCase" name="ThirdGear" time="0.003"/>
  <testcase classname="testNG.SkipATestCase" name="ForthGear" time="0.002"/>
  <testcase classname="testNG.SkipATestCase" name="TurnOnMusic">
    <skipped/>
  </testcase> <!-- TurnOnMusic -->
</testsuite> <!-- testNG.SkipATestCase -->
