<?xml version="1.0" encoding="UTF-8"?>
<!-- Generated by org.testng.reporters.JUnitReportReporter -->
<testsuite hostname="CPLBNGLPT103" failures="0" tests="3" name="testNG.SimpleTestCase" time="0.008" errors="0" timestamp="2025-12-24T10:22:26 IST" skipped="0">
  <testcase classname="testNG.SimpleTestCase" name="FirstTestCase" time="0.003"/>
  <testcase classname="testNG.SimpleTestCase" name="SecondTestCase" time="0.003"/>
  <testcase classname="testNG.SimpleTestCase" name="ThirdTestCase" time="0.002"/>
</testsuite> <!-- testNG.SimpleTestCase -->
