<?xml version="1.0" encoding="UTF-8"?>
<!-- Generated by org.testng.reporters.JUnitXMLReporter -->
<testsuite ignored="4" hostname="CPLBNGLPT103" failures="0" tests="4" name="testcases" time="0.059" errors="0" timestamp="2025-12-24T16:40:07 IST">
  <testcase classname="testNG.Grouping_Example" name="Moto1" time="0.008"/>
  <testcase classname="testNG.Grouping_Example" name="Moto2" time="0.001"/>
  <testcase classname="testNG.Grouping_Example" name="Vivo1" time="0.002"/>
  <testcase classname="testNG.Grouping_Example" name="Vivo2" time="0.001"/>
  <testcase classname="testNG.Grouping_Example" name="Apple1" time="0.0">
    <ignored/>
  </testcase> <!-- Apple1 -->
  <testcase classname="testNG.Grouping_Example" name="Apple2" time="0.0">
    <ignored/>
  </testcase> <!-- Apple2 -->
  <testcase classname="testNG.Grouping_Example" name="Lenovo2" time="0.0">
    <ignored/>
  </testcase> <!-- Lenovo2 -->
  <testcase classname="testNG.Grouping_Example" name="Lenovo1" time="0.0">
    <ignored/>
  </testcase> <!-- Lenovo1 -->
</testsuite> <!-- testcases -->
